

Started GET "/" for 127.0.0.1 at 2016-05-06 19:33:22 +0200

ActiveRecord::PendingMigrationError (

Migrations are pending. To resolve this issue, run:

	bin/rake db:migrate RAILS_ENV=development

):
  activerecord (4.2.1) lib/active_record/migration.rb:393:in `check_pending!'
  activerecord (4.2.1) lib/active_record/migration.rb:374:in `call'
  actionpack (4.2.1) lib/action_dispatch/middleware/callbacks.rb:29:in `block in call'
  activesupport (4.2.1) lib/active_support/callbacks.rb:88:in `call'
  activesupport (4.2.1) lib/active_support/callbacks.rb:88:in `_run_callbacks'
  activesupport (4.2.1) lib/active_support/callbacks.rb:776:in `_run_call_callbacks'
  activesupport (4.2.1) lib/active_support/callbacks.rb:81:in `run_callbacks'
  actionpack (4.2.1) lib/action_dispatch/middleware/callbacks.rb:27:in `call'
  actionpack (4.2.1) lib/action_dispatch/middleware/reloader.rb:73:in `call'
  actionpack (4.2.1) lib/action_dispatch/middleware/remote_ip.rb:78:in `call'
  actionpack (4.2.1) lib/action_dispatch/middleware/debug_exceptions.rb:17:in `call'
  web-console (2.1.2) lib/web_console/middleware.rb:37:in `call'
  actionpack (4.2.1) lib/action_dispatch/middleware/show_exceptions.rb:30:in `call'
  railties (4.2.1) lib/rails/rack/logger.rb:38:in `call_app'
  railties (4.2.1) lib/rails/rack/logger.rb:20:in `block in call'
  activesupport (4.2.1) lib/active_support/tagged_logging.rb:68:in `block in tagged'
  activesupport (4.2.1) lib/active_support/tagged_logging.rb:26:in `tagged'
  activesupport (4.2.1) lib/active_support/tagged_logging.rb:68:in `tagged'
  railties (4.2.1) lib/rails/rack/logger.rb:20:in `call'
  actionpack (4.2.1) lib/action_dispatch/middleware/request_id.rb:21:in `call'
  rack (1.6.1) lib/rack/methodoverride.rb:22:in `call'
  rack (1.6.1) lib/rack/runtime.rb:18:in `call'
  activesupport (4.2.1) lib/active_support/cache/strategy/local_cache_middleware.rb:28:in `call'
  rack (1.6.1) lib/rack/lock.rb:17:in `call'
  actionpack (4.2.1) lib/action_dispatch/middleware/static.rb:113:in `call'
  rack (1.6.1) lib/rack/sendfile.rb:113:in `call'
  railties (4.2.1) lib/rails/engine.rb:518:in `call'
  railties (4.2.1) lib/rails/application.rb:164:in `call'
  rack (1.6.1) lib/rack/lock.rb:17:in `call'
  rack (1.6.1) lib/rack/content_length.rb:15:in `call'
  rack (1.6.1) lib/rack/handler/webrick.rb:89:in `service'
  /home/luca/.rbenv/versions/2.2.3/lib/ruby/2.2.0/webrick/httpserver.rb:138:in `service'
  /home/luca/.rbenv/versions/2.2.3/lib/ruby/2.2.0/webrick/httpserver.rb:94:in `run'
  /home/luca/.rbenv/versions/2.2.3/lib/ruby/2.2.0/webrick/server.rb:294:in `block in start_thread'


  Rendered /home/luca/.rbenv/versions/2.2.3/lib/ruby/gems/2.2.0/gems/actionpack-4.2.1/lib/action_dispatch/middleware/templates/rescues/_source.erb (4.1ms)
  Rendered /home/luca/.rbenv/versions/2.2.3/lib/ruby/gems/2.2.0/gems/actionpack-4.2.1/lib/action_dispatch/middleware/templates/rescues/_trace.html.erb (2.0ms)
  Rendered /home/luca/.rbenv/versions/2.2.3/lib/ruby/gems/2.2.0/gems/actionpack-4.2.1/lib/action_dispatch/middleware/templates/rescues/_request_and_response.html.erb (1.4ms)
  Rendered /home/luca/.rbenv/versions/2.2.3/lib/ruby/gems/2.2.0/gems/actionpack-4.2.1/lib/action_dispatch/middleware/templates/rescues/diagnostics.html.erb within rescues/layout (26.0ms)
  Rendered /home/luca/.rbenv/versions/2.2.3/lib/ruby/gems/2.2.0/gems/web-console-2.1.2/lib/web_console/templates/_markup.html.erb (0.5ms)
  Rendered /home/luca/.rbenv/versions/2.2.3/lib/ruby/gems/2.2.0/gems/web-console-2.1.2/lib/web_console/templates/style.css.erb within layouts/inlined_string (0.4ms)
  Rendered /home/luca/.rbenv/versions/2.2.3/lib/ruby/gems/2.2.0/gems/web-console-2.1.2/lib/web_console/templates/_inner_console_markup.html.erb within layouts/inlined_string (0.5ms)
  Rendered /home/luca/.rbenv/versions/2.2.3/lib/ruby/gems/2.2.0/gems/web-console-2.1.2/lib/web_console/templates/_prompt_box_markup.html.erb within layouts/inlined_string (0.4ms)
  Rendered /home/luca/.rbenv/versions/2.2.3/lib/ruby/gems/2.2.0/gems/web-console-2.1.2/lib/web_console/templates/console.js.erb within layouts/javascript (21.4ms)
  Rendered /home/luca/.rbenv/versions/2.2.3/lib/ruby/gems/2.2.0/gems/web-console-2.1.2/lib/web_console/templates/main.js.erb within layouts/javascript (0.3ms)
  Rendered /home/luca/.rbenv/versions/2.2.3/lib/ruby/gems/2.2.0/gems/web-console-2.1.2/lib/web_console/templates/error_page.js.erb within layouts/javascript (0.5ms)
  Rendered /home/luca/.rbenv/versions/2.2.3/lib/ruby/gems/2.2.0/gems/web-console-2.1.2/lib/web_console/templates/index.html.erb (46.3ms)
  [1m[36m (4.6ms)[0m  [1mCREATE TABLE "schema_migrations" ("version" varchar NOT NULL) [0m
  [1m[35m (0.1ms)[0m  select sqlite_version(*)
  [1m[36m (9.4ms)[0m  [1mCREATE UNIQUE INDEX "unique_schema_migrations" ON "schema_migrations" ("version")[0m
  [1m[35mActiveRecord::SchemaMigration Load (0.1ms)[0m  SELECT "schema_migrations".* FROM "schema_migrations"
Migrating to CreateRecords (20150516181105)
  [1m[36m (0.1ms)[0m  [1mbegin transaction[0m
  [1m[35m (0.6ms)[0m  CREATE TABLE "records" ("id" INTEGER PRIMARY KEY AUTOINCREMENT NOT NULL, "title" varchar, "date" date, "amount" float, "created_at" datetime NOT NULL, "updated_at" datetime NOT NULL) 
  [1m[36mSQL (0.3ms)[0m  [1mINSERT INTO "schema_migrations" ("version") VALUES (?)[0m  [["version", "20150516181105"]]
  [1m[35m (11.2ms)[0m  commit transaction
  [1m[36mActiveRecord::SchemaMigration Load (0.1ms)[0m  [1mSELECT "schema_migrations".* FROM "schema_migrations"[0m


Started GET "/" for 127.0.0.1 at 2016-05-06 19:35:32 +0200
  [1m[36mActiveRecord::SchemaMigration Load (0.2ms)[0m  [1mSELECT "schema_migrations".* FROM "schema_migrations"[0m
Processing by Rails::WelcomeController#index as HTML
  Rendered /home/luca/.rbenv/versions/2.2.3/lib/ruby/gems/2.2.0/gems/railties-4.2.1/lib/rails/templates/rails/welcome/index.html.erb (2.6ms)
Completed 200 OK in 29ms (Views: 11.3ms | ActiveRecord: 0.0ms)


Started GET "/account" for 127.0.0.1 at 2016-05-06 19:35:41 +0200

ActionController::RoutingError (No route matches [GET] "/account"):
  actionpack (4.2.1) lib/action_dispatch/middleware/debug_exceptions.rb:21:in `call'
  web-console (2.1.2) lib/web_console/middleware.rb:37:in `call'
  actionpack (4.2.1) lib/action_dispatch/middleware/show_exceptions.rb:30:in `call'
  railties (4.2.1) lib/rails/rack/logger.rb:38:in `call_app'
  railties (4.2.1) lib/rails/rack/logger.rb:20:in `block in call'
  activesupport (4.2.1) lib/active_support/tagged_logging.rb:68:in `block in tagged'
  activesupport (4.2.1) lib/active_support/tagged_logging.rb:26:in `tagged'
  activesupport (4.2.1) lib/active_support/tagged_logging.rb:68:in `tagged'
  railties (4.2.1) lib/rails/rack/logger.rb:20:in `call'
  actionpack (4.2.1) lib/action_dispatch/middleware/request_id.rb:21:in `call'
  rack (1.6.1) lib/rack/methodoverride.rb:22:in `call'
  rack (1.6.1) lib/rack/runtime.rb:18:in `call'
  activesupport (4.2.1) lib/active_support/cache/strategy/local_cache_middleware.rb:28:in `call'
  rack (1.6.1) lib/rack/lock.rb:17:in `call'
  actionpack (4.2.1) lib/action_dispatch/middleware/static.rb:113:in `call'
  rack (1.6.1) lib/rack/sendfile.rb:113:in `call'
  railties (4.2.1) lib/rails/engine.rb:518:in `call'
  railties (4.2.1) lib/rails/application.rb:164:in `call'
  rack (1.6.1) lib/rack/lock.rb:17:in `call'
  rack (1.6.1) lib/rack/content_length.rb:15:in `call'
  rack (1.6.1) lib/rack/handler/webrick.rb:89:in `service'
  /home/luca/.rbenv/versions/2.2.3/lib/ruby/2.2.0/webrick/httpserver.rb:138:in `service'
  /home/luca/.rbenv/versions/2.2.3/lib/ruby/2.2.0/webrick/httpserver.rb:94:in `run'
  /home/luca/.rbenv/versions/2.2.3/lib/ruby/2.2.0/webrick/server.rb:294:in `block in start_thread'


  Rendered /home/luca/.rbenv/versions/2.2.3/lib/ruby/gems/2.2.0/gems/actionpack-4.2.1/lib/action_dispatch/middleware/templates/rescues/_trace.html.erb (1.9ms)
  Rendered /home/luca/.rbenv/versions/2.2.3/lib/ruby/gems/2.2.0/gems/actionpack-4.2.1/lib/action_dispatch/middleware/templates/routes/_route.html.erb (1.4ms)
  Rendered /home/luca/.rbenv/versions/2.2.3/lib/ruby/gems/2.2.0/gems/actionpack-4.2.1/lib/action_dispatch/middleware/templates/routes/_table.html.erb (7.7ms)
  Rendered /home/luca/.rbenv/versions/2.2.3/lib/ruby/gems/2.2.0/gems/actionpack-4.2.1/lib/action_dispatch/middleware/templates/rescues/_request_and_response.html.erb (1.7ms)
  Rendered /home/luca/.rbenv/versions/2.2.3/lib/ruby/gems/2.2.0/gems/actionpack-4.2.1/lib/action_dispatch/middleware/templates/rescues/routing_error.html.erb within rescues/layout (42.0ms)
  Rendered /home/luca/.rbenv/versions/2.2.3/lib/ruby/gems/2.2.0/gems/web-console-2.1.2/lib/web_console/templates/_markup.html.erb (0.4ms)
  Rendered /home/luca/.rbenv/versions/2.2.3/lib/ruby/gems/2.2.0/gems/web-console-2.1.2/lib/web_console/templates/style.css.erb within layouts/inlined_string (0.3ms)
  Rendered /home/luca/.rbenv/versions/2.2.3/lib/ruby/gems/2.2.0/gems/web-console-2.1.2/lib/web_console/templates/_inner_console_markup.html.erb within layouts/inlined_string (0.5ms)
  Rendered /home/luca/.rbenv/versions/2.2.3/lib/ruby/gems/2.2.0/gems/web-console-2.1.2/lib/web_console/templates/_prompt_box_markup.html.erb within layouts/inlined_string (0.4ms)
  Rendered /home/luca/.rbenv/versions/2.2.3/lib/ruby/gems/2.2.0/gems/web-console-2.1.2/lib/web_console/templates/console.js.erb within layouts/javascript (20.1ms)
  Rendered /home/luca/.rbenv/versions/2.2.3/lib/ruby/gems/2.2.0/gems/web-console-2.1.2/lib/web_console/templates/main.js.erb within layouts/javascript (0.3ms)
  Rendered /home/luca/.rbenv/versions/2.2.3/lib/ruby/gems/2.2.0/gems/web-console-2.1.2/lib/web_console/templates/error_page.js.erb within layouts/javascript (0.6ms)
  Rendered /home/luca/.rbenv/versions/2.2.3/lib/ruby/gems/2.2.0/gems/web-console-2.1.2/lib/web_console/templates/index.html.erb (40.8ms)


Started GET "/records" for 127.0.0.1 at 2016-05-06 19:36:25 +0200
Processing by RecordsController#index as HTML
  [1m[35mRecord Load (0.3ms)[0m  SELECT "records".* FROM "records"
  Rendered records/index.html.erb within layouts/application (3.3ms)
Completed 200 OK in 5341ms (Views: 5336.6ms | ActiveRecord: 0.6ms)


Started GET "/assets/records.self-e3b0c44298fc1c149afbf4c8996fb92427ae41e4649b934ca495991b7852b855.css?body=1" for 127.0.0.1 at 2016-05-06 19:36:31 +0200


Started GET "/assets/application.self-ce92771a0b0a4400e60e921600c9f542228fe0f65878d434fb1f6731d6cefe4f.css?body=1" for 127.0.0.1 at 2016-05-06 19:36:31 +0200


Started GET "/assets/jquery.self-d03a5518f45df77341bdbe6201ba3bfa547ebba8ed64f0ea56bfa5f96ea7c074.js?body=1" for 127.0.0.1 at 2016-05-06 19:36:31 +0200


Started GET "/assets/jquery_ujs.self-8e98a7a072a6cee1372d19fff9ff3e6aa1e39a37d89d6f06861637d061113ee7.js?body=1" for 127.0.0.1 at 2016-05-06 19:36:31 +0200


Started GET "/assets/components/amount_box.self-f41ed45e33514a3cf4a87902ff6c9425149d4afed82a247ea08d4952288df5cc.js?body=1" for 127.0.0.1 at 2016-05-06 19:36:31 +0200


Started GET "/assets/react_ujs.self-9e59229b64f3630c4c2a3811ede5c049c720faf2cb91112e255eead642284727.js?body=1" for 127.0.0.1 at 2016-05-06 19:36:31 +0200


Started GET "/assets/react.self-eb8c71fecbd80164b57078dcf4c66c91c12c9c84b59938c485aea8b6ae3538c1.js?body=1" for 127.0.0.1 at 2016-05-06 19:36:31 +0200


Started GET "/assets/components/record_form.self-38b43550da6736bd24935e213fd57ac9136396f0d01d168b8db7f03b19a6beba.js?body=1" for 127.0.0.1 at 2016-05-06 19:36:31 +0200


Started GET "/assets/components/record.self-defa547218dbd28f3cf1a4f8f457486a5666f36d10c244600cdb953d2a2da639.js?body=1" for 127.0.0.1 at 2016-05-06 19:36:31 +0200


Started GET "/assets/components/records.self-babd55c30e261991533c96a294f62884f1530fb2599c76d562a368ac273ea4db.js?body=1" for 127.0.0.1 at 2016-05-06 19:36:31 +0200


Started GET "/assets/application.self-44dc72337fbefc4f8c73fc8781b922cf9e4f99f8d068e6563c3820851d9390f6.js?body=1" for 127.0.0.1 at 2016-05-06 19:36:31 +0200


Started POST "/records" for 127.0.0.1 at 2016-05-06 19:36:58 +0200
Processing by RecordsController#create as JSON
  Parameters: {"record"=>{"title"=>"Test1", "date"=>"1212321312321321", "amount"=>"12321"}}
  [1m[36m (0.1ms)[0m  [1mbegin transaction[0m
  [1m[35mSQL (0.4ms)[0m  INSERT INTO "records" ("title", "amount", "created_at", "updated_at") VALUES (?, ?, ?, ?)  [["title", "Test1"], ["amount", 12321.0], ["created_at", "2016-05-06 17:36:58.814028"], ["updated_at", "2016-05-06 17:36:58.814028"]]
  [1m[36m (4.3ms)[0m  [1mcommit transaction[0m
Completed 200 OK in 20ms (Views: 0.6ms | ActiveRecord: 5.1ms)


Started POST "/records" for 127.0.0.1 at 2016-05-06 19:37:12 +0200
Processing by RecordsController#create as JSON
  Parameters: {"record"=>{"title"=>"Test2", "date"=>"13-07-1923", "amount"=>"3"}}
  [1m[35m (0.2ms)[0m  begin transaction
  [1m[36mSQL (0.5ms)[0m  [1mINSERT INTO "records" ("title", "amount", "date", "created_at", "updated_at") VALUES (?, ?, ?, ?, ?)[0m  [["title", "Test2"], ["amount", 3.0], ["date", "1923-07-13"], ["created_at", "2016-05-06 17:37:12.259270"], ["updated_at", "2016-05-06 17:37:12.259270"]]
  [1m[35m (6.6ms)[0m  commit transaction
Completed 200 OK in 14ms (Views: 0.6ms | ActiveRecord: 7.2ms)


Started POST "/records" for 127.0.0.1 at 2016-05-06 19:37:41 +0200
Processing by RecordsController#create as JSON
  Parameters: {"record"=>{"title"=>"Commessa Marconi", "date"=>"14-8-2015", "amount"=>"-6"}}
  [1m[36m (0.1ms)[0m  [1mbegin transaction[0m
  [1m[35mSQL (0.3ms)[0m  INSERT INTO "records" ("title", "amount", "date", "created_at", "updated_at") VALUES (?, ?, ?, ?, ?)  [["title", "Commessa Marconi"], ["amount", -6.0], ["date", "2015-08-14"], ["created_at", "2016-05-06 17:37:41.039650"], ["updated_at", "2016-05-06 17:37:41.039650"]]
  [1m[36m (5.8ms)[0m  [1mcommit transaction[0m
Completed 200 OK in 10ms (Views: 0.4ms | ActiveRecord: 6.2ms)


Started PUT "/records/2" for 127.0.0.1 at 2016-05-06 19:37:51 +0200
Processing by RecordsController#update as JSON
  Parameters: {"record"=>{"title"=>"Test2", "date"=>"1923-07-13", "amount"=>"3"}, "id"=>"2"}
  [1m[35mRecord Load (0.4ms)[0m  SELECT  "records".* FROM "records" WHERE "records"."id" = ? LIMIT 1  [["id", 2]]
  [1m[36m (0.1ms)[0m  [1mbegin transaction[0m
  [1m[35m (0.1ms)[0m  commit transaction
Completed 200 OK in 15ms (Views: 0.6ms | ActiveRecord: 0.6ms)


Started PUT "/records/2" for 127.0.0.1 at 2016-05-06 19:37:55 +0200
Processing by RecordsController#update as JSON
  Parameters: {"record"=>{"title"=>"Test2", "date"=>"1923-07-13", "amount"=>"6"}, "id"=>"2"}
  [1m[36mRecord Load (0.2ms)[0m  [1mSELECT  "records".* FROM "records" WHERE "records"."id" = ? LIMIT 1[0m  [["id", 2]]
  [1m[35m (0.1ms)[0m  begin transaction
  [1m[36mSQL (0.3ms)[0m  [1mUPDATE "records" SET "amount" = ?, "updated_at" = ? WHERE "records"."id" = ?[0m  [["amount", 6.0], ["updated_at", "2016-05-06 17:37:55.297703"], ["id", 2]]
  [1m[35m (9.6ms)[0m  commit transaction
Completed 200 OK in 15ms (Views: 0.5ms | ActiveRecord: 10.1ms)
